  ofxAntilatency.cpp
  Info: Boost.Config is older than your compiler version - probably nothing bad will happen - but you may wish to look for an update Boost version.  Define BOOST_CONFIG_SUPPRESS_OUTDATED_MESSAGE to suppress this message.
D:\of_v0.11.2_vs2017_release\libs\openFrameworks\utils\ofUtils.h(1,1): warning C4819: ファイルは、現在のコード ページ (932) で表示できない文字を含んでいます。データの損失を防ぐために、ファイルを Unicode 形式で保存してください。
D:\of_v0.11.2_vs2017_release\libs\openFrameworks\math\ofVec3f.h(1,1): warning C4819: ファイルは、現在のコード ページ (932) で表示できない文字を含んでいます。データの損失を防ぐために、ファイルを Unicode 形式で保存してください。
D:\of_v0.11.2_vs2017_release\libs\openFrameworks\math\ofVec2f.h(1,1): warning C4819: ファイルは、現在のコード ページ (932) で表示できない文字を含んでいます。データの損失を防ぐために、ファイルを Unicode 形式で保存してください。
D:\of_v0.11.2_vs2017_release\libs\openFrameworks\math\ofMatrix4x4.h(326,1): warning C4267: '引数': 'size_t' から 'int' に変換しました。データが失われているかもしれません。
D:\of_v0.11.2_vs2017_release\libs\openFrameworks\math\ofMatrix4x4.h(331,1): warning C4267: '引数': 'size_t' から 'int' に変換しました。データが失われているかもしれません。
D:\of_v0.11.2_vs2017_release\libs\openFrameworks\math\ofMatrix4x4.h(912,12): warning C4267: '引数': 'size_t' から 'int' に変換しました。データが失われているかもしれません。
D:\of_v0.11.2_vs2017_release\libs\openFrameworks\math\ofMatrix4x4.h(913,12): warning C4267: '引数': 'size_t' から 'int' に変換しました。データが失われているかもしれません。
D:\of_v0.11.2_vs2017_release\libs\openFrameworks\math\ofMatrix4x4.h(914,12): warning C4267: '引数': 'size_t' から 'int' に変換しました。データが失われているかもしれません。
D:\of_v0.11.2_vs2017_release\libs\openFrameworks\math\ofMatrix4x4.h(915,12): warning C4267: '引数': 'size_t' から 'int' に変換しました。データが失われているかもしれません。
  ofxAntilatency.vcxproj -> D:\of_v0.11.2_vs2017_release\apps\myApps\ofxAntilatency\bin\ofxAntilatency_debug.exe
  
  	                   2	D:\of_v0.11.2_vs2017_release\libs\fmod\lib\vs\x64\
  	  *EXTRA File 		   85504	D:\of_v0.11.2_vs2017_release\apps\myApps\ofxAntilatency\bin\AntilatencyAltEnvironmentArbitrary2D.dll
  	  *EXTRA File 		  159744	D:\of_v0.11.2_vs2017_release\apps\myApps\ofxAntilatency\bin\AntilatencyAltEnvironmentHorizontalGrid.dll
  	  *EXTRA File 		  128000	D:\of_v0.11.2_vs2017_release\apps\myApps\ofxAntilatency\bin\AntilatencyAltEnvironmentPillars.dll
  	  *EXTRA File 		   72192	D:\of_v0.11.2_vs2017_release\apps\myApps\ofxAntilatency\bin\AntilatencyAltEnvironmentSelector.dll
  	  *EXTRA File 		  388608	D:\of_v0.11.2_vs2017_release\apps\myApps\ofxAntilatency\bin\AntilatencyAltTracking.dll
  	  *EXTRA File 		   84480	D:\of_v0.11.2_vs2017_release\apps\myApps\ofxAntilatency\bin\AntilatencyBracer.dll
  	  *EXTRA File 		  437760	D:\of_v0.11.2_vs2017_release\apps\myApps\ofxAntilatency\bin\AntilatencyDeviceNetwork.dll
  	  *EXTRA File 		  100864	D:\of_v0.11.2_vs2017_release\apps\myApps\ofxAntilatency\bin\AntilatencyHardwareExtensionInterface.dll
  	  *EXTRA File 		   76288	D:\of_v0.11.2_vs2017_release\apps\myApps\ofxAntilatency\bin\AntilatencyRadioMetrics.dll
  	  *EXTRA File 		  164864	D:\of_v0.11.2_vs2017_release\apps\myApps\ofxAntilatency\bin\AntilatencyStorageClient.dll
  	  *EXTRA File 		   55808	D:\of_v0.11.2_vs2017_release\apps\myApps\ofxAntilatency\bin\AntilatencyTrackingAlignment.dll
  	  *EXTRA File 		 6942208	D:\of_v0.11.2_vs2017_release\apps\myApps\ofxAntilatency\bin\FreeImage.dll
  
  	                   1	D:\of_v0.11.2_vs2017_release\libs\FreeImage\lib\vs\x64\
  	  *EXTRA File 		   85504	D:\of_v0.11.2_vs2017_release\apps\myApps\ofxAntilatency\bin\AntilatencyAltEnvironmentArbitrary2D.dll
  	  *EXTRA File 		  159744	D:\of_v0.11.2_vs2017_release\apps\myApps\ofxAntilatency\bin\AntilatencyAltEnvironmentHorizontalGrid.dll
  	  *EXTRA File 		  128000	D:\of_v0.11.2_vs2017_release\apps\myApps\ofxAntilatency\bin\AntilatencyAltEnvironmentPillars.dll
  	  *EXTRA File 		   72192	D:\of_v0.11.2_vs2017_release\apps\myApps\ofxAntilatency\bin\AntilatencyAltEnvironmentSelector.dll
  	  *EXTRA File 		  388608	D:\of_v0.11.2_vs2017_release\apps\myApps\ofxAntilatency\bin\AntilatencyAltTracking.dll
  	  *EXTRA File 		   84480	D:\of_v0.11.2_vs2017_release\apps\myApps\ofxAntilatency\bin\AntilatencyBracer.dll
  	  *EXTRA File 		  437760	D:\of_v0.11.2_vs2017_release\apps\myApps\ofxAntilatency\bin\AntilatencyDeviceNetwork.dll
  	  *EXTRA File 		  100864	D:\of_v0.11.2_vs2017_release\apps\myApps\ofxAntilatency\bin\AntilatencyHardwareExtensionInterface.dll
  	  *EXTRA File 		   76288	D:\of_v0.11.2_vs2017_release\apps\myApps\ofxAntilatency\bin\AntilatencyRadioMetrics.dll
  	  *EXTRA File 		  164864	D:\of_v0.11.2_vs2017_release\apps\myApps\ofxAntilatency\bin\AntilatencyStorageClient.dll
  	  *EXTRA File 		   55808	D:\of_v0.11.2_vs2017_release\apps\myApps\ofxAntilatency\bin\AntilatencyTrackingAlignment.dll
  	  *EXTRA File 		 1826304	D:\of_v0.11.2_vs2017_release\apps\myApps\ofxAntilatency\bin\fmod.dll
  	  *EXTRA File 		 2041856	D:\of_v0.11.2_vs2017_release\apps\myApps\ofxAntilatency\bin\fmodL.dll
