d:\of_v0.11.2_vs2017_release\apps\myapps\ofxantilatency\addons\ofxosc\src\ofxoscmessage.obj
d:\of_v0.11.2_vs2017_release\apps\myapps\ofxantilatency\addons\ofxosc\src\ofxoscbundle.obj
d:\of_v0.11.2_vs2017_release\apps\myapps\ofxantilatency\addons\ofxosc\src\ofxoscsender.obj
d:\of_v0.11.2_vs2017_release\apps\myapps\ofxantilatency\addons\ofxosc\src\ofxoscparametersync.obj
d:\of_v0.11.2_vs2017_release\apps\myapps\ofxantilatency\addons\ofxosc\src\ofxoscreceiver.obj
d:\of_v0.11.2_vs2017_release\apps\myapps\ofxantilatency\obj\x64\release\vc142.pdb
d:\of_v0.11.2_vs2017_release\apps\myapps\ofxantilatency\addons\ofxosc\libs\oscpack\src\ip\ipendpointname.obj
d:\of_v0.11.2_vs2017_release\apps\myapps\ofxantilatency\addons\ofxosc\libs\oscpack\src\ip\win32\networkingutils.obj
d:\of_v0.11.2_vs2017_release\apps\myapps\ofxantilatency\addons\ofxosc\libs\oscpack\src\ip\win32\udpsocket.obj
d:\of_v0.11.2_vs2017_release\apps\myapps\ofxantilatency\addons\ofxosc\libs\oscpack\src\osc\osctypes.obj
d:\of_v0.11.2_vs2017_release\apps\myapps\ofxantilatency\addons\ofxosc\libs\oscpack\src\osc\oscprintreceivedelements.obj
d:\of_v0.11.2_vs2017_release\apps\myapps\ofxantilatency\addons\ofxosc\libs\oscpack\src\osc\oscreceivedelements.obj
d:\of_v0.11.2_vs2017_release\apps\myapps\ofxantilatency\addons\ofxosc\libs\oscpack\src\osc\oscoutboundpacketstream.obj
d:\of_v0.11.2_vs2017_release\apps\myapps\ofxantilatency\obj\x64\release\addons\ofxyaml\src\ofxyaml.obj
d:\of_v0.11.2_vs2017_release\apps\myapps\ofxantilatency\obj\x64\release\src\main.obj
d:\of_v0.11.2_vs2017_release\apps\myapps\ofxantilatency\obj\x64\release\src\ofapp.obj
d:\of_v0.11.2_vs2017_release\apps\myapps\ofxantilatency\obj\x64\release\addons\ofxantilatency\src\ofxantilatency.obj
d:\of_v0.11.2_vs2017_release\apps\myapps\ofxantilatency\bin\ofxantilatency.lib
d:\of_v0.11.2_vs2017_release\apps\myapps\ofxantilatency\bin\ofxantilatency.exp
d:\of_v0.11.2_vs2017_release\apps\myapps\ofxantilatency\obj\x64\release\icon.res
d:\of_v0.11.2_vs2017_release\apps\myapps\ofxantilatency\obj\x64\release\ofxantilatency.tlog\cl.command.1.tlog
d:\of_v0.11.2_vs2017_release\apps\myapps\ofxantilatency\obj\x64\release\ofxantilatency.tlog\cl.read.1.tlog
d:\of_v0.11.2_vs2017_release\apps\myapps\ofxantilatency\obj\x64\release\ofxantilatency.tlog\cl.write.1.tlog
d:\of_v0.11.2_vs2017_release\apps\myapps\ofxantilatency\obj\x64\release\ofxantilatency.tlog\link.command.1.tlog
d:\of_v0.11.2_vs2017_release\apps\myapps\ofxantilatency\obj\x64\release\ofxantilatency.tlog\link.read.1.tlog
d:\of_v0.11.2_vs2017_release\apps\myapps\ofxantilatency\obj\x64\release\ofxantilatency.tlog\link.write.1.tlog
d:\of_v0.11.2_vs2017_release\apps\myapps\ofxantilatency\obj\x64\release\ofxantilatency.tlog\ofxantilatency.write.1u.tlog
d:\of_v0.11.2_vs2017_release\apps\myapps\ofxantilatency\obj\x64\release\ofxantilatency.tlog\rc.command.1.tlog
d:\of_v0.11.2_vs2017_release\apps\myapps\ofxantilatency\obj\x64\release\ofxantilatency.tlog\rc.read.1.tlog
d:\of_v0.11.2_vs2017_release\apps\myapps\ofxantilatency\obj\x64\release\ofxantilatency.tlog\rc.write.1.tlog
